In file included from ../lib/kerberos.cc:1:
../lib/kerberos.h:29:26: error: unknown type name 'Handle'
  static void Initialize(Handle<Object> target);
                         ^
../lib/kerberos.h:29:32: error: expected ')'
  static void Initialize(Handle<Object> target);
                               ^
../lib/kerberos.h:29:25: note: to match this '('
  static void Initialize(Handle<Object> target);
                        ^
../lib/kerberos.h:32:10: error: unknown type name 'Handle'
  static Handle<Value> AuthGSSClientInit(const Arguments &args);
         ^
../lib/kerberos.h:32:16: error: expected member name or ';' after declaration specifiers
  static Handle<Value> AuthGSSClientInit(const Arguments &args);
  ~~~~~~~~~~~~~^
../lib/kerberos.h:33:10: error: unknown type name 'Handle'
  static Handle<Value> AuthGSSClientStep(const Arguments &args);
         ^
../lib/kerberos.h:33:16: error: expected member name or ';' after declaration specifiers
  static Handle<Value> AuthGSSClientStep(const Arguments &args);
  ~~~~~~~~~~~~~^
../lib/kerberos.h:34:10: error: unknown type name 'Handle'
  static Handle<Value> AuthGSSClientUnwrap(const Arguments &args);
         ^
../lib/kerberos.h:34:16: error: expected member name or ';' after declaration specifiers
  static Handle<Value> AuthGSSClientUnwrap(const Arguments &args);
  ~~~~~~~~~~~~~^
../lib/kerberos.h:35:10: error: unknown type name 'Handle'
  static Handle<Value> AuthGSSClientWrap(const Arguments &args);
         ^
../lib/kerberos.h:35:16: error: expected member name or ';' after declaration specifiers
  static Handle<Value> AuthGSSClientWrap(const Arguments &args);
  ~~~~~~~~~~~~~^
../lib/kerberos.h:36:10: error: unknown type name 'Handle'
  static Handle<Value> AuthGSSClientClean(const Arguments &args);
         ^
../lib/kerberos.h:36:16: error: expected member name or ';' after declaration specifiers
  static Handle<Value> AuthGSSClientClean(const Arguments &args);
  ~~~~~~~~~~~~~^
../lib/kerberos.h:39:10: error: unknown type name 'Handle'
  static Handle<Value> New(const Arguments &args);  
         ^
../lib/kerberos.h:39:16: error: expected member name or ';' after declaration specifiers
  static Handle<Value> New(const Arguments &args);  
  ~~~~~~~~~~~~~^
../lib/kerberos.h:42:23: error: unknown type name 'uv_work_t'
  static void Process(uv_work_t* work_req);
                      ^
../lib/kerberos.h:44:21: error: unknown type name 'uv_work_t'
  static void After(uv_work_t* work_req);
                    ^
In file included from ../lib/kerberos.cc:3:
../lib/worker.h:17:5: error: unknown type name 'uv_work_t'
    uv_work_t request;
    ^
../lib/worker.h:36:5: error: unknown type name 'Handle'
    Handle<Value> (*mapper)(Worker *worker);
    ^
../lib/worker.h:36:11: error: expected member name or ';' after declaration specifiers
    Handle<Value> (*mapper)(Worker *worker);
    ~~~~~~^
fatal error: too many errors emitted, stopping now [-ferror-limit=]
20 errors generated.
make: *** [Release/obj.target/kerberos/lib/kerberos.o] Error 1
gyp ERR! build error 
gyp ERR! stack Error: `make` failed with exit code: 2
gyp ERR! stack     at ChildProcess.onExit (/usr/local/lib/node_modules/npm/node_modules/node-gyp/lib/build.js:262:23)
gyp ERR! stack     at ChildProcess.emit (events.js:200:13)
gyp ERR! stack     at Process.ChildProcess._handle.onexit (internal/child_process.js:272:12)
gyp ERR! System Darwin 16.6.0
gyp ERR! command "/usr/local/Cellar/node/12.3.1/bin/node" "/usr/local/lib/node_modules/npm/node_modules/node-gyp/bin/node-gyp.js" "rebuild"
gyp ERR! cwd /Users/phil/Desktop/node/app/node_modules/kerberos
gyp ERR! node -v v12.3.1
gyp ERR! node-gyp -v v3.8.0
gyp ERR! not ok 
