In file included from ../ext/bson.cc:35:
../ext/bson.h:55:25: error: unknown type name 'Handle'
        static void Initialize(Handle<Object> target);
                               ^
../ext/bson.h:55:31: error: expected ')'
        static void Initialize(Handle<Object> target);
                                     ^
../ext/bson.h:55:24: note: to match this '('
        static void Initialize(Handle<Object> target);
                              ^
../ext/bson.h:56:9: error: unknown type name 'Handle'
        static Handle<Value> BSONDeserializeStream(const Arguments &args);
               ^
../ext/bson.h:56:15: error: expected member name or ';' after declaration specifiers
        static Handle<Value> BSONDeserializeStream(const Arguments &args);
        ~~~~~~~~~~~~~^
../ext/bson.h:59:9: error: unknown type name 'Handle'
        static Handle<Value> BSONSerialize(const Arguments &args);
               ^
../ext/bson.h:59:15: error: expected member name or ';' after declaration specifiers
        static Handle<Value> BSONSerialize(const Arguments &args);
        ~~~~~~~~~~~~~^
../ext/bson.h:60:9: error: unknown type name 'Handle'
        static Handle<Value> BSONDeserialize(const Arguments &args);
               ^
../ext/bson.h:60:15: error: expected member name or ';' after declaration specifiers
        static Handle<Value> BSONDeserialize(const Arguments &args);
        ~~~~~~~~~~~~~^
../ext/bson.h:63:9: error: unknown type name 'Handle'
        static Handle<Value> CalculateObjectSize(const Arguments &args);
               ^
../ext/bson.h:63:15: error: expected member name or ';' after declaration specifiers
        static Handle<Value> CalculateObjectSize(const Arguments &args);
        ~~~~~~~~~~~~~^
../ext/bson.h:64:9: error: unknown type name 'Handle'
        static Handle<Value> SerializeWithBufferAndIndex(const Arguments &args);
               ^
../ext/bson.h:64:15: error: expected member name or ';' after declaration specifiers
        static Handle<Value> SerializeWithBufferAndIndex(const Arguments &args);
        ~~~~~~~~~~~~~^
../ext/bson.h:70:9: error: unknown type name 'Handle'
        static Handle<Value> New(const Arguments &args);
               ^
../ext/bson.h:70:15: error: expected member name or ';' after declaration specifiers
        static Handle<Value> New(const Arguments &args);
        ~~~~~~~~~~~~~^
../ext/bson.h:71:9: error: unknown type name 'Handle'
        static Handle<Value> deserialize(BSON *bson, char *data, uint32_t dataLength, uint32_t startIndex, bool is_array_item);
               ^
../ext/bson.h:71:15: error: expected member name or ';' after declaration specifiers
        static Handle<Value> deserialize(BSON *bson, char *data, uint32_t dataLength, uint32_t startIndex, bool is_array_item);
        ~~~~~~~~~~~~~^
../ext/bson.h:119:41: error: unknown type name 'Handle'
        Local<Object> GetSerializeObject(const Handle<Value>& object);
                                               ^
../ext/bson.h:119:47: error: expected ')'
        Local<Object> GetSerializeObject(const Handle<Value>& object);
                                                     ^
../ext/bson.h:119:34: note: to match this '('
        Local<Object> GetSerializeObject(const Handle<Value>& object);
                                        ^
../ext/bson.h:133:23: error: unknown type name 'Handle'
        void    WriteByte(const Handle<Object>&, const Handle<String>&) { ++count; }
                                ^
fatal error: too many errors emitted, stopping now [-ferror-limit=]
20 errors generated.
make: *** [Release/obj.target/bson/ext/bson.o] Error 1
gyp ERR! build error 
gyp ERR! stack Error: `make` failed with exit code: 2
gyp ERR! stack     at ChildProcess.onExit (/usr/local/lib/node_modules/npm/node_modules/node-gyp/lib/build.js:262:23)
gyp ERR! stack     at ChildProcess.emit (events.js:200:13)
gyp ERR! stack     at Process.ChildProcess._handle.onexit (internal/child_process.js:272:12)
gyp ERR! System Darwin 16.6.0
gyp ERR! command "/usr/local/Cellar/node/12.3.1/bin/node" "/usr/local/lib/node_modules/npm/node_modules/node-gyp/bin/node-gyp.js" "rebuild"
gyp ERR! cwd /Users/phil/Desktop/node/app/node_modules/bson
gyp ERR! node -v v12.3.1
gyp ERR! node-gyp -v v3.8.0
gyp ERR! not ok 
